0 info it worked if it ends with ok
1 verbose cli [ '/Users/michael/.nvm/versions/node/v5.8.0/bin/node',
1 verbose cli   '/Users/michael/.nvm/versions/node/v5.8.0/bin/npm',
1 verbose cli   'run',
1 verbose cli   'styleguide-server' ]
2 info using npm@3.7.3
3 info using node@v5.8.0
4 verbose run-script [ 'prestyleguide-server',
4 verbose run-script   'styleguide-server',
4 verbose run-script   'poststyleguide-server' ]
5 info lifecycle react-native-form-generator@0.9.0~prestyleguide-server: react-native-form-generator@0.9.0
6 silly lifecycle react-native-form-generator@0.9.0~prestyleguide-server: no script for prestyleguide-server, continuing
7 info lifecycle react-native-form-generator@0.9.0~styleguide-server: react-native-form-generator@0.9.0
8 verbose lifecycle react-native-form-generator@0.9.0~styleguide-server: unsafe-perm in lifecycle true
9 verbose lifecycle react-native-form-generator@0.9.0~styleguide-server: PATH: /Users/michael/.nvm/versions/node/v5.8.0/lib/node_modules/npm/bin/node-gyp-bin:/Users/michael/Projects/OpenSource/TestApp/src/modules/react-native-form-generator/node_modules/.bin:/Users/michael/.nvm/versions/node/v5.8.0/bin:/usr/local/flow:/Users/michael/.rvm/gems/ruby-2.3.0/bin:/Users/michael/.rvm/gems/ruby-2.3.0@global/bin:/Users/michael/.rvm/rubies/ruby-2.3.0/bin:/Users/michael/.nvm/versions/node/v5.8.0/bin:/usr/local/bin:/usr/bin:/bin:/usr/sbin:/sbin:/opt/X11/bin:/usr/local/flow:/Users/michael/.rvm/gems/ruby-2.3.0/bin:/Users/michael/.rvm/gems/ruby-2.3.0@global/bin:/Users/michael/.rvm/rubies/ruby-2.3.0/bin:/Users/michael/.rvm/bin:/Users/michael/.rvm/bin
10 verbose lifecycle react-native-form-generator@0.9.0~styleguide-server: CWD: /Users/michael/Projects/OpenSource/TestApp/src/modules/react-native-form-generator
11 silly lifecycle react-native-form-generator@0.9.0~styleguide-server: Args: [ '-c', 'styleguidist server' ]
12 silly lifecycle react-native-form-generator@0.9.0~styleguide-server: Returned: code: 1  signal: null
13 info lifecycle react-native-form-generator@0.9.0~styleguide-server: Failed to exec styleguide-server script
14 verbose stack Error: react-native-form-generator@0.9.0 styleguide-server: `styleguidist server`
14 verbose stack Exit status 1
14 verbose stack     at EventEmitter.<anonymous> (/Users/michael/.nvm/versions/node/v5.8.0/lib/node_modules/npm/lib/utils/lifecycle.js:239:16)
14 verbose stack     at emitTwo (events.js:100:13)
14 verbose stack     at EventEmitter.emit (events.js:185:7)
14 verbose stack     at ChildProcess.<anonymous> (/Users/michael/.nvm/versions/node/v5.8.0/lib/node_modules/npm/lib/utils/spawn.js:24:14)
14 verbose stack     at emitTwo (events.js:100:13)
14 verbose stack     at ChildProcess.emit (events.js:185:7)
14 verbose stack     at maybeClose (internal/child_process.js:850:16)
14 verbose stack     at Process.ChildProcess._handle.onexit (internal/child_process.js:215:5)
15 verbose pkgid react-native-form-generator@0.9.0
16 verbose cwd /Users/michael/Projects/OpenSource/TestApp/src/modules/react-native-form-generator
17 error Darwin 15.5.0
18 error argv "/Users/michael/.nvm/versions/node/v5.8.0/bin/node" "/Users/michael/.nvm/versions/node/v5.8.0/bin/npm" "run" "styleguide-server"
19 error node v5.8.0
20 error npm  v3.7.3
21 error code ELIFECYCLE
22 error react-native-form-generator@0.9.0 styleguide-server: `styleguidist server`
22 error Exit status 1
23 error Failed at the react-native-form-generator@0.9.0 styleguide-server script 'styleguidist server'.
23 error Make sure you have the latest version of node.js and npm installed.
23 error If you do, this is most likely a problem with the react-native-form-generator package,
23 error not with npm itself.
23 error Tell the author that this fails on your system:
23 error     styleguidist server
23 error You can get information on how to open an issue for this project with:
23 error     npm bugs react-native-form-generator
23 error Or if that isn't available, you can get their info via:
23 error     npm owner ls react-native-form-generator
23 error There is likely additional logging output above.
24 verbose exit [ 1, true ]
